<?xml version="1.0" encoding="utf-8"?><testsuites><testsuite errors="0" failures="0" hostname="joshs-MacBook-Pro.local" name="pytest" skipped="0" tests="28" time="0.962" timestamp="2020-02-17T11:33:38.328613"><testcase classname="tests" file="tests.py" line="79" name="test_fixed_length_value_errors[-1]" time="0.002"></testcase><testcase classname="tests" file="tests.py" line="79" name="test_fixed_length_value_errors[0]" time="0.001"></testcase><testcase classname="tests" file="tests.py" line="79" name="test_fixed_length_value_errors[0.9999]" time="0.001"></testcase><testcase classname="tests" file="tests.py" line="79" name="test_fixed_length_value_errors[-14.0]" time="0.001"></testcase><testcase classname="tests" file="tests.py" line="79" name="test_fixed_length_value_errors[-142]" time="0.001"></testcase><testcase classname="tests" file="tests.py" line="79" name="test_fixed_length_value_errors[10j]" time="0.001"></testcase><testcase classname="tests" file="tests.py" line="79" name="test_fixed_length_value_errors[beef]" time="0.001"></testcase><testcase classname="tests" file="tests.py" line="79" name="test_fixed_length_value_errors[pytest]" time="0.001"></testcase><testcase classname="tests" file="tests.py" line="88" name="test_enqueue[1]" time="0.001"></testcase><testcase classname="tests" file="tests.py" line="88" name="test_enqueue[10]" time="0.001"></testcase><testcase classname="tests" file="tests.py" line="88" name="test_enqueue[114.6]" time="0.001"></testcase><testcase classname="tests" file="tests.py" line="88" name="test_enqueue[1421]" time="0.001"></testcase><testcase classname="tests" file="tests.py" line="92" name="test_dequeue[1]" time="0.001"></testcase><testcase classname="tests" file="tests.py" line="92" name="test_dequeue[10]" time="0.001"></testcase><testcase classname="tests" file="tests.py" line="92" name="test_dequeue[114.6]" time="0.001"></testcase><testcase classname="tests" file="tests.py" line="92" name="test_dequeue[1421]" time="0.001"></testcase><testcase classname="tests" file="tests.py" line="98" name="test_many_enqueues[1]" time="0.001"></testcase><testcase classname="tests" file="tests.py" line="98" name="test_many_enqueues[10]" time="0.002"></testcase><testcase classname="tests" file="tests.py" line="98" name="test_many_enqueues[114.6]" time="0.011"></testcase><testcase classname="tests" file="tests.py" line="98" name="test_many_enqueues[1421]" time="0.130"></testcase><testcase classname="tests" file="tests.py" line="103" name="test_many_dequeues[1]" time="0.002"></testcase><testcase classname="tests" file="tests.py" line="103" name="test_many_dequeues[10]" time="0.004"></testcase><testcase classname="tests" file="tests.py" line="103" name="test_many_dequeues[114.6]" time="0.024"></testcase><testcase classname="tests" file="tests.py" line="103" name="test_many_dequeues[1421]" time="0.270"></testcase><testcase classname="tests" file="tests.py" line="110" name="test_one_on_one_off[1]" time="0.002"></testcase><testcase classname="tests" file="tests.py" line="110" name="test_one_on_one_off[10]" time="0.005"></testcase><testcase classname="tests" file="tests.py" line="110" name="test_one_on_one_off[114.6]" time="0.029"></testcase><testcase classname="tests" file="tests.py" line="110" name="test_one_on_one_off[1421]" time="0.340"></testcase></testsuite></testsuites>